<?xml version="1.0" encoding="UTF-8"?>
<AsynchronousTrace controlPort="${addOn_Services_Service_xUMLControllerService_Port}"
                   host="localhost">
   <Service>
      <Name>URLService</Name>
      <Stereotype>E2ESOAPService</Stereotype>
      <Class>
         <Name>URLPortType</Name>
         <Stereotype>E2ESOAPPortType</Stereotype>
         <Operation>
            <Name>staticGet</Name>
            <Namespace>urn:Services.URLService.URLPortType.URLPortType</Namespace>
            <Type>urn:Services.URLService.URLPortType.URLPortType.staticGet</Type>
         </Operation>
         <Operation>
            <Name>staticPost</Name>
            <Namespace>urn:Services.URLService.URLPortType.URLPortType</Namespace>
            <Type>urn:Services.URLService.URLPortType.URLPortType.staticPost</Type>
         </Operation>
         <Operation>
            <Name>fullDynamicGET</Name>
            <Namespace>urn:Services.URLService.URLPortType.URLPortType</Namespace>
            <Type>urn:Services.URLService.URLPortType.URLPortType.fullDynamicGET</Type>
         </Operation>
         <Operation>
            <Name>postXMLFile</Name>
            <Namespace>urn:Services.URLService.URLPortType.URLPortType</Namespace>
            <Type>urn:Services.URLService.URLPortType.URLPortType.postXMLFile</Type>
         </Operation>
         <Operation>
            <Name>dynamicReadFile</Name>
            <Namespace>urn:Services.URLService.URLPortType.URLPortType</Namespace>
            <Type>urn:Services.URLService.URLPortType.URLPortType.dynamicReadFile</Type>
         </Operation>
         <Operation>
            <Name>dynamicWriteFile</Name>
            <Namespace>urn:Services.URLService.URLPortType.URLPortType</Namespace>
            <Type>urn:Services.URLService.URLPortType.URLPortType.dynamicWriteFile</Type>
         </Operation>
         <Operation>
            <Name>getXML</Name>
            <Namespace>urn:Services.URLService.URLPortType.URLPortType</Namespace>
            <Type>urn:Services.URLService.URLPortType.URLPortType.getXML</Type>
         </Operation>
         <Operation>
            <Name>getXMLAddress2</Name>
            <Namespace>urn:Services.URLService.URLPortType.URLPortType</Namespace>
            <Type>urn:Services.URLService.URLPortType.URLPortType.getXMLAddress2</Type>
         </Operation>
      </Class>
   </Service>
</AsynchronousTrace>
